Grading at Sat May  2 17:22:12 UTC 2020
Compiling cards.c
cards.c: In function ‘assert_card_valid’:
cards.c:9:3: error: implicit declaration of function ‘asset’ [-Werror=implicit-function-declaration]
   asset(c.suit>=SPADES and c.suit<=CLUBS);
   ^
cards.c:9:24: error: expected ‘)’ before ‘and’
   asset(c.suit>=SPADES and c.suit<=CLUBS);
                        ^
cc1: all warnings being treated as errors
Could not compile your card.c!

Overall Grade: FAILED
